<?xml version="1.0" encoding="UTF-8"?>
<testsuite xmlns:xsi="http://www.w3.org/2001/XMLSchema-instance" xsi:noNamespaceSchemaLocation="https://maven.apache.org/surefire/maven-surefire-plugin/xsd/surefire-test-report-3.0.xsd" version="3.0" name="TestSuite" time="3.114" tests="5" errors="0" skipped="0" failures="0">
  <properties>
    <property name="sun.desktop" value="windows"/>
    <property name="awt.toolkit" value="sun.awt.windows.WToolkit"/>
    <property name="java.specification.version" value="11"/>
    <property name="sun.cpu.isalist" value="amd64"/>
    <property name="sun.jnu.encoding" value="Cp1252"/>
    <property name="java.class.path" value="C:\Users\juank\OneDrive\Desktop\ChallengeDatabse\4\target\test-classes;C:\Users\juank\OneDrive\Desktop\ChallengeDatabse\4\target\classes;C:\Users\juank\.m2\repository\org\hibernate\hibernate-core\5.4.24.Final\hibernate-core-5.4.24.Final.jar;C:\Users\juank\.m2\repository\org\jboss\logging\jboss-logging\3.4.1.Final\jboss-logging-3.4.1.Final.jar;C:\Users\juank\.m2\repository\org\javassist\javassist\3.27.0-GA\javassist-3.27.0-GA.jar;C:\Users\juank\.m2\repository\net\bytebuddy\byte-buddy\1.10.17\byte-buddy-1.10.17.jar;C:\Users\juank\.m2\repository\antlr\antlr\2.7.7\antlr-2.7.7.jar;C:\Users\juank\.m2\repository\org\jboss\spec\javax\transaction\jboss-transaction-api_1.2_spec\1.1.1.Final\jboss-transaction-api_1.2_spec-1.1.1.Final.jar;C:\Users\juank\.m2\repository\org\jboss\jandex\2.1.3.Final\jandex-2.1.3.Final.jar;C:\Users\juank\.m2\repository\com\fasterxml\classmate\1.5.1\classmate-1.5.1.jar;C:\Users\juank\.m2\repository\javax\activation\javax.activation-api\1.2.0\javax.activation-api-1.2.0.jar;C:\Users\juank\.m2\repository\org\dom4j\dom4j\2.1.3\dom4j-2.1.3.jar;C:\Users\juank\.m2\repository\org\hibernate\common\hibernate-commons-annotations\5.1.2.Final\hibernate-commons-annotations-5.1.2.Final.jar;C:\Users\juank\.m2\repository\javax\xml\bind\jaxb-api\2.3.1\jaxb-api-2.3.1.jar;C:\Users\juank\.m2\repository\org\glassfish\jaxb\jaxb-runtime\2.3.1\jaxb-runtime-2.3.1.jar;C:\Users\juank\.m2\repository\org\glassfish\jaxb\txw2\2.3.1\txw2-2.3.1.jar;C:\Users\juank\.m2\repository\com\sun\istack\istack-commons-runtime\3.0.7\istack-commons-runtime-3.0.7.jar;C:\Users\juank\.m2\repository\org\jvnet\staxex\stax-ex\1.8\stax-ex-1.8.jar;C:\Users\juank\.m2\repository\com\sun\xml\fastinfoset\FastInfoset\1.2.15\FastInfoset-1.2.15.jar;C:\Users\juank\.m2\repository\org\hibernate\hibernate-entitymanager\5.4.22.Final\hibernate-entitymanager-5.4.22.Final.jar;C:\Users\juank\.m2\repository\javax\persistence\javax.persistence-api\2.2\javax.persistence-api-2.2.jar;C:\Users\juank\.m2\repository\mysql\mysql-connector-java\8.0.22\mysql-connector-java-8.0.22.jar;C:\Users\juank\.m2\repository\com\google\protobuf\protobuf-java\3.11.4\protobuf-java-3.11.4.jar;C:\Users\juank\.m2\repository\org\apache\poi\poi-ooxml\5.0.0\poi-ooxml-5.0.0.jar;C:\Users\juank\.m2\repository\org\apache\poi\poi\5.0.0\poi-5.0.0.jar;C:\Users\juank\.m2\repository\org\slf4j\slf4j-api\1.7.30\slf4j-api-1.7.30.jar;C:\Users\juank\.m2\repository\org\slf4j\jcl-over-slf4j\1.7.30\jcl-over-slf4j-1.7.30.jar;C:\Users\juank\.m2\repository\commons-codec\commons-codec\1.15\commons-codec-1.15.jar;C:\Users\juank\.m2\repository\org\apache\commons\commons-collections4\4.4\commons-collections4-4.4.jar;C:\Users\juank\.m2\repository\org\apache\commons\commons-math3\3.6.1\commons-math3-3.6.1.jar;C:\Users\juank\.m2\repository\com\zaxxer\SparseBitSet\1.2\SparseBitSet-1.2.jar;C:\Users\juank\.m2\repository\org\apache\poi\poi-ooxml-lite\5.0.0\poi-ooxml-lite-5.0.0.jar;C:\Users\juank\.m2\repository\org\apache\xmlbeans\xmlbeans\4.0.0\xmlbeans-4.0.0.jar;C:\Users\juank\.m2\repository\org\apache\commons\commons-compress\1.20\commons-compress-1.20.jar;C:\Users\juank\.m2\repository\com\github\virtuald\curvesapi\1.06\curvesapi-1.06.jar;C:\Users\juank\.m2\repository\org\bouncycastle\bcpkix-jdk15on\1.68\bcpkix-jdk15on-1.68.jar;C:\Users\juank\.m2\repository\org\bouncycastle\bcprov-jdk15on\1.68\bcprov-jdk15on-1.68.jar;C:\Users\juank\.m2\repository\org\apache\santuario\xmlsec\2.2.1\xmlsec-2.2.1.jar;C:\Users\juank\.m2\repository\com\fasterxml\woodstox\woodstox-core\5.2.1\woodstox-core-5.2.1.jar;C:\Users\juank\.m2\repository\org\codehaus\woodstox\stax2-api\4.2\stax2-api-4.2.jar;C:\Users\juank\.m2\repository\jakarta\xml\bind\jakarta.xml.bind-api\2.3.2\jakarta.xml.bind-api-2.3.2.jar;C:\Users\juank\.m2\repository\jakarta\activation\jakarta.activation-api\1.2.1\jakarta.activation-api-1.2.1.jar;C:\Users\juank\.m2\repository\org\apache\xmlgraphics\batik-all\1.13\batik-all-1.13.jar;C:\Users\juank\.m2\repository\org\apache\xmlgraphics\batik-anim\1.13\batik-anim-1.13.jar;C:\Users\juank\.m2\repository\org\apache\xmlgraphics\batik-shared-resources\1.13\batik-shared-resources-1.13.jar;C:\Users\juank\.m2\repository\xml-apis\xml-apis-ext\1.3.04\xml-apis-ext-1.3.04.jar;C:\Users\juank\.m2\repository\org\apache\xmlgraphics\batik-awt-util\1.13\batik-awt-util-1.13.jar;C:\Users\juank\.m2\repository\org\apache\xmlgraphics\xmlgraphics-commons\2.4\xmlgraphics-commons-2.4.jar;C:\Users\juank\.m2\repository\commons-io\commons-io\1.3.1\commons-io-1.3.1.jar;C:\Users\juank\.m2\repository\org\apache\xmlgraphics\batik-bridge\1.13\batik-bridge-1.13.jar;C:\Users\juank\.m2\repository\org\apache\xmlgraphics\batik-codec\1.13\batik-codec-1.13.jar;C:\Users\juank\.m2\repository\org\apache\xmlgraphics\batik-constants\1.13\batik-constants-1.13.jar;C:\Users\juank\.m2\repository\org\apache\xmlgraphics\batik-css\1.13\batik-css-1.13.jar;C:\Users\juank\.m2\repository\org\apache\xmlgraphics\batik-dom\1.13\batik-dom-1.13.jar;C:\Users\juank\.m2\repository\xalan\xalan\2.7.2\xalan-2.7.2.jar;C:\Users\juank\.m2\repository\xalan\serializer\2.7.2\serializer-2.7.2.jar;C:\Users\juank\.m2\repository\xml-apis\xml-apis\1.4.01\xml-apis-1.4.01.jar;C:\Users\juank\.m2\repository\org\apache\xmlgraphics\batik-ext\1.13\batik-ext-1.13.jar;C:\Users\juank\.m2\repository\org\apache\xmlgraphics\batik-extension\1.13\batik-extension-1.13.jar;C:\Users\juank\.m2\repository\org\apache\xmlgraphics\batik-gui-util\1.13\batik-gui-util-1.13.jar;C:\Users\juank\.m2\repository\org\apache\xmlgraphics\batik-gvt\1.13\batik-gvt-1.13.jar;C:\Users\juank\.m2\repository\org\apache\xmlgraphics\batik-i18n\1.13\batik-i18n-1.13.jar;C:\Users\juank\.m2\repository\org\apache\xmlgraphics\batik-parser\1.13\batik-parser-1.13.jar;C:\Users\juank\.m2\repository\org\apache\xmlgraphics\batik-rasterizer-ext\1.13\batik-rasterizer-ext-1.13.jar;C:\Users\juank\.m2\repository\org\apache\xmlgraphics\batik-rasterizer\1.13\batik-rasterizer-1.13.jar;C:\Users\juank\.m2\repository\org\apache\xmlgraphics\batik-script\1.13\batik-script-1.13.jar;C:\Users\juank\.m2\repository\org\apache\xmlgraphics\batik-slideshow\1.13\batik-slideshow-1.13.jar;C:\Users\juank\.m2\repository\org\apache\xmlgraphics\batik-squiggle-ext\1.13\batik-squiggle-ext-1.13.jar;C:\Users\juank\.m2\repository\org\apache\xmlgraphics\batik-squiggle\1.13\batik-squiggle-1.13.jar;C:\Users\juank\.m2\repository\org\apache\xmlgraphics\batik-svg-dom\1.13\batik-svg-dom-1.13.jar;C:\Users\juank\.m2\repository\org\apache\xmlgraphics\batik-svgbrowser\1.13\batik-svgbrowser-1.13.jar;C:\Users\juank\.m2\repository\org\apache\xmlgraphics\batik-svggen\1.13\batik-svggen-1.13.jar;C:\Users\juank\.m2\repository\org\apache\xmlgraphics\batik-svgpp\1.13\batik-svgpp-1.13.jar;C:\Users\juank\.m2\repository\org\apache\xmlgraphics\batik-svgrasterizer\1.13\batik-svgrasterizer-1.13.jar;C:\Users\juank\.m2\repository\org\apache\xmlgraphics\batik-swing\1.13\batik-swing-1.13.jar;C:\Users\juank\.m2\repository\org\apache\xmlgraphics\batik-transcoder\1.13\batik-transcoder-1.13.jar;C:\Users\juank\.m2\repository\org\apache\xmlgraphics\batik-util\1.13\batik-util-1.13.jar;C:\Users\juank\.m2\repository\org\apache\xmlgraphics\batik-ttf2svg\1.13\batik-ttf2svg-1.13.jar;C:\Users\juank\.m2\repository\org\apache\xmlgraphics\batik-xml\1.13\batik-xml-1.13.jar;C:\Users\juank\.m2\repository\de\rototor\pdfbox\graphics2d\0.30\graphics2d-0.30.jar;C:\Users\juank\.m2\repository\org\apache\pdfbox\pdfbox\2.0.22\pdfbox-2.0.22.jar;C:\Users\juank\.m2\repository\org\apache\pdfbox\fontbox\2.0.22\fontbox-2.0.22.jar;C:\Users\juank\.m2\repository\org\apache\logging\log4j\log4j-api\2.14.1\log4j-api-2.14.1.jar;C:\Users\juank\.m2\repository\org\apache\logging\log4j\log4j-core\2.14.1\log4j-core-2.14.1.jar;C:\Users\juank\.m2\repository\org\testng\testng\7.4.0\testng-7.4.0.jar;C:\Users\juank\.m2\repository\com\beust\jcommander\1.78\jcommander-1.78.jar;C:\Users\juank\.m2\repository\org\webjars\jquery\3.5.1\jquery-3.5.1.jar;"/>
    <property name="java.vm.vendor" value="Oracle Corporation"/>
    <property name="sun.arch.data.model" value="64"/>
    <property name="user.variant" value=""/>
    <property name="java.vendor.url" value="https://openjdk.java.net/"/>
    <property name="user.timezone" value="America/Bogota"/>
    <property name="java.vm.specification.version" value="11"/>
    <property name="os.name" value="Windows 10"/>
    <property name="sun.java.launcher" value="SUN_STANDARD"/>
    <property name="user.country" value="US"/>
    <property name="sun.boot.library.path" value="C:\Program Files\Java\jdk-11.0.12\bin"/>
    <property name="sun.java.command" value="C:\Users\juank\AppData\Local\Temp\surefire12372665568914765812\surefirebooter9482374372085863048.jar C:\Users\juank\AppData\Local\Temp\surefire12372665568914765812 2021-09-23T17-19-30_164-jvmRun1 surefire6155236481884345455tmp surefire_02556249207151226291tmp"/>
    <property name="jdk.debug" value="release"/>
    <property name="surefire.test.class.path" value="C:\Users\juank\OneDrive\Desktop\ChallengeDatabse\4\target\test-classes;C:\Users\juank\OneDrive\Desktop\ChallengeDatabse\4\target\classes;C:\Users\juank\.m2\repository\org\hibernate\hibernate-core\5.4.24.Final\hibernate-core-5.4.24.Final.jar;C:\Users\juank\.m2\repository\org\jboss\logging\jboss-logging\3.4.1.Final\jboss-logging-3.4.1.Final.jar;C:\Users\juank\.m2\repository\org\javassist\javassist\3.27.0-GA\javassist-3.27.0-GA.jar;C:\Users\juank\.m2\repository\net\bytebuddy\byte-buddy\1.10.17\byte-buddy-1.10.17.jar;C:\Users\juank\.m2\repository\antlr\antlr\2.7.7\antlr-2.7.7.jar;C:\Users\juank\.m2\repository\org\jboss\spec\javax\transaction\jboss-transaction-api_1.2_spec\1.1.1.Final\jboss-transaction-api_1.2_spec-1.1.1.Final.jar;C:\Users\juank\.m2\repository\org\jboss\jandex\2.1.3.Final\jandex-2.1.3.Final.jar;C:\Users\juank\.m2\repository\com\fasterxml\classmate\1.5.1\classmate-1.5.1.jar;C:\Users\juank\.m2\repository\javax\activation\javax.activation-api\1.2.0\javax.activation-api-1.2.0.jar;C:\Users\juank\.m2\repository\org\dom4j\dom4j\2.1.3\dom4j-2.1.3.jar;C:\Users\juank\.m2\repository\org\hibernate\common\hibernate-commons-annotations\5.1.2.Final\hibernate-commons-annotations-5.1.2.Final.jar;C:\Users\juank\.m2\repository\javax\xml\bind\jaxb-api\2.3.1\jaxb-api-2.3.1.jar;C:\Users\juank\.m2\repository\org\glassfish\jaxb\jaxb-runtime\2.3.1\jaxb-runtime-2.3.1.jar;C:\Users\juank\.m2\repository\org\glassfish\jaxb\txw2\2.3.1\txw2-2.3.1.jar;C:\Users\juank\.m2\repository\com\sun\istack\istack-commons-runtime\3.0.7\istack-commons-runtime-3.0.7.jar;C:\Users\juank\.m2\repository\org\jvnet\staxex\stax-ex\1.8\stax-ex-1.8.jar;C:\Users\juank\.m2\repository\com\sun\xml\fastinfoset\FastInfoset\1.2.15\FastInfoset-1.2.15.jar;C:\Users\juank\.m2\repository\org\hibernate\hibernate-entitymanager\5.4.22.Final\hibernate-entitymanager-5.4.22.Final.jar;C:\Users\juank\.m2\repository\javax\persistence\javax.persistence-api\2.2\javax.persistence-api-2.2.jar;C:\Users\juank\.m2\repository\mysql\mysql-connector-java\8.0.22\mysql-connector-java-8.0.22.jar;C:\Users\juank\.m2\repository\com\google\protobuf\protobuf-java\3.11.4\protobuf-java-3.11.4.jar;C:\Users\juank\.m2\repository\org\apache\poi\poi-ooxml\5.0.0\poi-ooxml-5.0.0.jar;C:\Users\juank\.m2\repository\org\apache\poi\poi\5.0.0\poi-5.0.0.jar;C:\Users\juank\.m2\repository\org\slf4j\slf4j-api\1.7.30\slf4j-api-1.7.30.jar;C:\Users\juank\.m2\repository\org\slf4j\jcl-over-slf4j\1.7.30\jcl-over-slf4j-1.7.30.jar;C:\Users\juank\.m2\repository\commons-codec\commons-codec\1.15\commons-codec-1.15.jar;C:\Users\juank\.m2\repository\org\apache\commons\commons-collections4\4.4\commons-collections4-4.4.jar;C:\Users\juank\.m2\repository\org\apache\commons\commons-math3\3.6.1\commons-math3-3.6.1.jar;C:\Users\juank\.m2\repository\com\zaxxer\SparseBitSet\1.2\SparseBitSet-1.2.jar;C:\Users\juank\.m2\repository\org\apache\poi\poi-ooxml-lite\5.0.0\poi-ooxml-lite-5.0.0.jar;C:\Users\juank\.m2\repository\org\apache\xmlbeans\xmlbeans\4.0.0\xmlbeans-4.0.0.jar;C:\Users\juank\.m2\repository\org\apache\commons\commons-compress\1.20\commons-compress-1.20.jar;C:\Users\juank\.m2\repository\com\github\virtuald\curvesapi\1.06\curvesapi-1.06.jar;C:\Users\juank\.m2\repository\org\bouncycastle\bcpkix-jdk15on\1.68\bcpkix-jdk15on-1.68.jar;C:\Users\juank\.m2\repository\org\bouncycastle\bcprov-jdk15on\1.68\bcprov-jdk15on-1.68.jar;C:\Users\juank\.m2\repository\org\apache\santuario\xmlsec\2.2.1\xmlsec-2.2.1.jar;C:\Users\juank\.m2\repository\com\fasterxml\woodstox\woodstox-core\5.2.1\woodstox-core-5.2.1.jar;C:\Users\juank\.m2\repository\org\codehaus\woodstox\stax2-api\4.2\stax2-api-4.2.jar;C:\Users\juank\.m2\repository\jakarta\xml\bind\jakarta.xml.bind-api\2.3.2\jakarta.xml.bind-api-2.3.2.jar;C:\Users\juank\.m2\repository\jakarta\activation\jakarta.activation-api\1.2.1\jakarta.activation-api-1.2.1.jar;C:\Users\juank\.m2\repository\org\apache\xmlgraphics\batik-all\1.13\batik-all-1.13.jar;C:\Users\juank\.m2\repository\org\apache\xmlgraphics\batik-anim\1.13\batik-anim-1.13.jar;C:\Users\juank\.m2\repository\org\apache\xmlgraphics\batik-shared-resources\1.13\batik-shared-resources-1.13.jar;C:\Users\juank\.m2\repository\xml-apis\xml-apis-ext\1.3.04\xml-apis-ext-1.3.04.jar;C:\Users\juank\.m2\repository\org\apache\xmlgraphics\batik-awt-util\1.13\batik-awt-util-1.13.jar;C:\Users\juank\.m2\repository\org\apache\xmlgraphics\xmlgraphics-commons\2.4\xmlgraphics-commons-2.4.jar;C:\Users\juank\.m2\repository\commons-io\commons-io\1.3.1\commons-io-1.3.1.jar;C:\Users\juank\.m2\repository\org\apache\xmlgraphics\batik-bridge\1.13\batik-bridge-1.13.jar;C:\Users\juank\.m2\repository\org\apache\xmlgraphics\batik-codec\1.13\batik-codec-1.13.jar;C:\Users\juank\.m2\repository\org\apache\xmlgraphics\batik-constants\1.13\batik-constants-1.13.jar;C:\Users\juank\.m2\repository\org\apache\xmlgraphics\batik-css\1.13\batik-css-1.13.jar;C:\Users\juank\.m2\repository\org\apache\xmlgraphics\batik-dom\1.13\batik-dom-1.13.jar;C:\Users\juank\.m2\repository\xalan\xalan\2.7.2\xalan-2.7.2.jar;C:\Users\juank\.m2\repository\xalan\serializer\2.7.2\serializer-2.7.2.jar;C:\Users\juank\.m2\repository\xml-apis\xml-apis\1.4.01\xml-apis-1.4.01.jar;C:\Users\juank\.m2\repository\org\apache\xmlgraphics\batik-ext\1.13\batik-ext-1.13.jar;C:\Users\juank\.m2\repository\org\apache\xmlgraphics\batik-extension\1.13\batik-extension-1.13.jar;C:\Users\juank\.m2\repository\org\apache\xmlgraphics\batik-gui-util\1.13\batik-gui-util-1.13.jar;C:\Users\juank\.m2\repository\org\apache\xmlgraphics\batik-gvt\1.13\batik-gvt-1.13.jar;C:\Users\juank\.m2\repository\org\apache\xmlgraphics\batik-i18n\1.13\batik-i18n-1.13.jar;C:\Users\juank\.m2\repository\org\apache\xmlgraphics\batik-parser\1.13\batik-parser-1.13.jar;C:\Users\juank\.m2\repository\org\apache\xmlgraphics\batik-rasterizer-ext\1.13\batik-rasterizer-ext-1.13.jar;C:\Users\juank\.m2\repository\org\apache\xmlgraphics\batik-rasterizer\1.13\batik-rasterizer-1.13.jar;C:\Users\juank\.m2\repository\org\apache\xmlgraphics\batik-script\1.13\batik-script-1.13.jar;C:\Users\juank\.m2\repository\org\apache\xmlgraphics\batik-slideshow\1.13\batik-slideshow-1.13.jar;C:\Users\juank\.m2\repository\org\apache\xmlgraphics\batik-squiggle-ext\1.13\batik-squiggle-ext-1.13.jar;C:\Users\juank\.m2\repository\org\apache\xmlgraphics\batik-squiggle\1.13\batik-squiggle-1.13.jar;C:\Users\juank\.m2\repository\org\apache\xmlgraphics\batik-svg-dom\1.13\batik-svg-dom-1.13.jar;C:\Users\juank\.m2\repository\org\apache\xmlgraphics\batik-svgbrowser\1.13\batik-svgbrowser-1.13.jar;C:\Users\juank\.m2\repository\org\apache\xmlgraphics\batik-svggen\1.13\batik-svggen-1.13.jar;C:\Users\juank\.m2\repository\org\apache\xmlgraphics\batik-svgpp\1.13\batik-svgpp-1.13.jar;C:\Users\juank\.m2\repository\org\apache\xmlgraphics\batik-svgrasterizer\1.13\batik-svgrasterizer-1.13.jar;C:\Users\juank\.m2\repository\org\apache\xmlgraphics\batik-swing\1.13\batik-swing-1.13.jar;C:\Users\juank\.m2\repository\org\apache\xmlgraphics\batik-transcoder\1.13\batik-transcoder-1.13.jar;C:\Users\juank\.m2\repository\org\apache\xmlgraphics\batik-util\1.13\batik-util-1.13.jar;C:\Users\juank\.m2\repository\org\apache\xmlgraphics\batik-ttf2svg\1.13\batik-ttf2svg-1.13.jar;C:\Users\juank\.m2\repository\org\apache\xmlgraphics\batik-xml\1.13\batik-xml-1.13.jar;C:\Users\juank\.m2\repository\de\rototor\pdfbox\graphics2d\0.30\graphics2d-0.30.jar;C:\Users\juank\.m2\repository\org\apache\pdfbox\pdfbox\2.0.22\pdfbox-2.0.22.jar;C:\Users\juank\.m2\repository\org\apache\pdfbox\fontbox\2.0.22\fontbox-2.0.22.jar;C:\Users\juank\.m2\repository\org\apache\logging\log4j\log4j-api\2.14.1\log4j-api-2.14.1.jar;C:\Users\juank\.m2\repository\org\apache\logging\log4j\log4j-core\2.14.1\log4j-core-2.14.1.jar;C:\Users\juank\.m2\repository\org\testng\testng\7.4.0\testng-7.4.0.jar;C:\Users\juank\.m2\repository\com\beust\jcommander\1.78\jcommander-1.78.jar;C:\Users\juank\.m2\repository\org\webjars\jquery\3.5.1\jquery-3.5.1.jar;"/>
    <property name="sun.cpu.endian" value="little"/>
    <property name="user.home" value="C:\Users\juank"/>
    <property name="user.language" value="en"/>
    <property name="java.specification.vendor" value="Oracle Corporation"/>
    <property name="java.version.date" value="2021-07-20"/>
    <property name="java.home" value="C:\Program Files\Java\jdk-11.0.12"/>
    <property name="file.separator" value="\"/>
    <property name="basedir" value="C:\Users\juank\OneDrive\Desktop\ChallengeDatabse\4"/>
    <property name="java.vm.compressedOopsMode" value="Zero based"/>
    <property name="line.separator" value="&#10;"/>
    <property name="java.specification.name" value="Java Platform API Specification"/>
    <property name="java.vm.specification.vendor" value="Oracle Corporation"/>
    <property name="java.awt.graphicsenv" value="sun.awt.Win32GraphicsEnvironment"/>
    <property name="surefire.real.class.path" value="C:\Users\juank\AppData\Local\Temp\surefire12372665568914765812\surefirebooter9482374372085863048.jar"/>
    <property name="user.script" value=""/>
    <property name="sun.management.compiler" value="HotSpot 64-Bit Tiered Compilers"/>
    <property name="java.runtime.version" value="11.0.12+8-LTS-237"/>
    <property name="user.name" value="juank"/>
    <property name="path.separator" value=";"/>
    <property name="os.version" value="10.0"/>
    <property name="java.runtime.name" value="Java(TM) SE Runtime Environment"/>
    <property name="file.encoding" value="Cp1252"/>
    <property name="java.vm.name" value="Java HotSpot(TM) 64-Bit Server VM"/>
    <property name="java.vendor.version" value="18.9"/>
    <property name="localRepository" value="C:\Users\juank\.m2\repository"/>
    <property name="java.vendor.url.bug" value="https://bugreport.java.com/bugreport/"/>
    <property name="java.io.tmpdir" value="C:\Users\juank\AppData\Local\Temp\"/>
    <property name="java.version" value="11.0.12"/>
    <property name="user.dir" value="C:\Users\juank\OneDrive\Desktop\ChallengeDatabse\4"/>
    <property name="os.arch" value="amd64"/>
    <property name="java.vm.specification.name" value="Java Virtual Machine Specification"/>
    <property name="java.awt.printerjob" value="sun.awt.windows.WPrinterJob"/>
    <property name="sun.os.patch.level" value=""/>
    <property name="java.library.path" value="C:\Program Files\Java\jdk-11.0.12\bin;C:\WINDOWS\Sun\Java\bin;C:\WINDOWS\system32;C:\WINDOWS;C:\Program Files\NVIDIA GPU Computing Toolkit\CUDA\v11.3\bin;C:\Program Files\NVIDIA GPU Computing Toolkit\CUDA\v11.3\libnvvp;C:\Program Files (x86)\Common Files\Intel\Shared Libraries\redist\intel64_win\compiler;C:\Python39\Scripts\;C:\Python39\;C:\Windows\system32;C:\Windows;C:\Windows\System32\Wbem;C:\Windows\System32\WindowsPowerShell\v1.0\;C:\Windows\System32\OpenSSH\;C:\Program Files\Git\cmd;C:\Program Files\nodejs\;C:\ProgramData\chocolatey\bin;C:\Program Files\Microsoft SQL Server\130\Tools\Binn\;C:\Program Files\Microsoft SQL Server\Client SDK\ODBC\170\Tools\Binn\;C:\Program Files\NVIDIA Corporation\NVIDIA NvDLISR;C:\Program Files\dotnet\;C:\WINDOWS\system32;C:\WINDOWS;C:\WINDOWS\System32\Wbem;C:\WINDOWS\System32\WindowsPowerShell\v1.0\;C:\WINDOWS\System32\OpenSSH\;C:\Program Files\NVIDIA Corporation\Nsight Compute 2021.1.1\;C:\Users\juank\AppData\Local\Programs\Python\Python38;C:\Users\juank\AppData\Local\Programs\Python\Python38\Scripts;C:\Program Files\Docker\Docker\resources\bin;C:\ProgramData\DockerDesktop\version-bin;C:\Program Files\SourceGear\Common\DiffMerge\;C:\Program Files (x86)\NVIDIA Corporation\PhysX\Common;C:\Users\juank\AppData\Local\Android\Sdk;C:\Users\juank\AppData\Local\Android\Sdk\tools;C:\Users\juank\AppData\Local\Android\Sdk\platform-tools;C:\Program Files\Java\jdk-11.0.12\bin;C:\Program Files\apache-maven-3.8.2\bin;C:\Users\juank\Downloads\allure-commandline-2.10.0\allure-2.10.0\bin;C:\Users\juank\AppData\Local\Programs\Python\Python35\Scripts\;C:\Users\juank\AppData\Local\Programs\Python\Python35\;C:\Users\juank\AppData\Local\Microsoft\WindowsApps;C:\Users\juank\AppData\Local\Programs\Microsoft VS Code\bin;C:\Users\juank\AppData\Roaming\npm;C:\Users\juank\.dotnet\tools;C:\Users\juank\AppData\Local\gitkraken\bin;C:\Users\juank\.dotnet\tools;C:\Program Files (x86)\GitHub CLI\;C:\Users\juank\AppData\Local\Microsoft\WindowsApps;C:\Users\juank\AppData\Local\GitHubDesktop\bin;C:\Program Files\JetBrains\IntelliJ IDEA 2021.1.2\bin;;."/>
    <property name="java.vendor" value="Oracle Corporation"/>
    <property name="java.vm.info" value="mixed mode"/>
    <property name="java.vm.version" value="11.0.12+8-LTS-237"/>
    <property name="sun.io.unicode.encoding" value="UnicodeLittle"/>
    <property name="java.class.version" value="55.0"/>
  </properties>
  <testcase name="deleteEmployee[model.Employee@75ed7512](1)" classname="tests.TestEmployee" time="0.088">
    <system-out><![CDATA[17:19:32.010 [main] INFO  org.hibernate.jpa.internal.util.LogHelper - HHH000204: Processing PersistenceUnitInfo [name: PERSISTENCIA]
17:19:32.060 [main] INFO  org.hibernate.Version - HHH000412: Hibernate ORM core version 5.4.24.Final
17:19:32.195 [main] INFO  org.hibernate.annotations.common.Version - HCANN000001: Hibernate Commons Annotations {5.1.2.Final}
17:19:32.332 [main] WARN  org.hibernate.orm.connections.pooling - HHH10001002: Using Hibernate built-in connection pool (not for production use!)
17:19:32.339 [main] INFO  org.hibernate.orm.connections.pooling - HHH10001005: using driver [com.mysql.jdbc.Driver] at URL [jdbc:mysql://localhost:3306/personas]
17:19:32.339 [main] INFO  org.hibernate.orm.connections.pooling - HHH10001001: Connection properties: {password=****, user=root}
17:19:32.339 [main] INFO  org.hibernate.orm.connections.pooling - HHH10001003: Autocommit mode: false
17:19:32.342 [main] INFO  org.hibernate.engine.jdbc.connections.internal.DriverManagerConnectionProviderImpl - HHH000115: Hibernate connection pool size: 20 (min=1)
17:19:32.729 [main] INFO  org.hibernate.dialect.Dialect - HHH000400: Using dialect: org.hibernate.dialect.MySQL5Dialect
17:19:33.296 [main] INFO  org.hibernate.orm.connections.access - HHH10001501: Connection obtained from JdbcConnectionAccess [org.hibernate.engine.jdbc.env.internal.JdbcEnvironmentInitiator$ConnectionProviderJdbcConnectionAccess@486e9d1d] for (non-JTA) DDL execution was not in auto-commit mode; the Connection 'local transaction' will be committed and the Connection will be set into auto-commit mode.
17:19:33.324 [main] INFO  org.hibernate.engine.transaction.jta.platform.internal.JtaPlatformInitiator - HHH000490: Using JtaPlatform implementation: [org.hibernate.engine.transaction.jta.platform.internal.NoJtaPlatform]
17:19:33.864 [main] INFO  crud.EmployeeCrud - Inserting employee ....
Hibernate: insert into Employee (address, birthDate, email, firstName, idCompany, idInstitution, lastName, phoneNumber, Salary, idEmployee) values (?, ?, ?, ?, ?, ?, ?, ?, ?, ?)
17:19:33.901 [main] INFO  crud.EmployeeCrud - Getting employee by id 5 ...
17:19:33.905 [main] INFO  crud.EmployeeCrud - Employee inserted successfully
17:19:33.928 [main] INFO  utils.Formatter - 5 - Juan  - Lopez - test@email.com - calle 45 - Thu Sep 23 17:19:33 COT 2021 - 3104787328 - 0 - Thu Sep 23 17:19:33 COT 2021 - 
17:19:33.928 [main] INFO  crud.EmployeeCrud - Updating employee with id 5 ...
Hibernate: delete from Employee where idEmployee=?
17:19:33.947 [main] INFO  crud.EmployeeCrud - Registro eliminado 
]]></system-out>
    <system-err><![CDATA[Loading class `com.mysql.jdbc.Driver'. This is deprecated. The new driver class is `com.mysql.cj.jdbc.Driver'. The driver is automatically registered via the SPI and manual loading of the driver class is generally unnecessary.
]]></system-err>
  </testcase>
  <testcase name="getAllEmployees" classname="tests.TestEmployee" time="0.134">
    <system-out><![CDATA[17:19:33.951 [main] INFO  crud.EmployeeCrud - Getting all employees ...
Hibernate: select employee0_.idEmployee as idemploy1_0_, employee0_.address as address2_0_, employee0_.birthDate as birthdat3_0_, employee0_.email as email4_0_, employee0_.firstName as firstnam5_0_, employee0_.idCompany as idcompan6_0_, employee0_.idInstitution as idinstit7_0_, employee0_.lastName as lastname8_0_, employee0_.phoneNumber as phonenum9_0_, employee0_.Salary as salary10_0_ from Employee employee0_
17:19:34.083 [main] INFO  utils.Formatter - 42 - Juan  - Lopez - test@email.com - calle 45 - 2021-09-23 00:00:00.0 - 3104787328 - 0 - 2021-09-23 00:00:00.0 - 
17:19:34.083 [main] INFO  utils.Formatter - 43 - Juan  - Lopez - test@email.com - calle 45 - 2021-09-23 00:00:00.0 - 3104787328 - 0 - 2021-09-23 00:00:00.0 - 
17:19:34.083 [main] INFO  utils.Formatter - 44 - Juan  - Lopez - test@email.com - calle 45 - 2021-09-23 00:00:00.0 - 3104787328 - 0 - 2021-09-23 00:00:00.0 - 
17:19:34.083 [main] INFO  utils.Formatter - 45 - Juan  - Lopez - test@email.com - calle 45 - 2021-09-23 00:00:00.0 - 3104787328 - 0 - 2021-09-23 00:00:00.0 - 
17:19:34.083 [main] INFO  utils.Formatter - 64 - Paola - Ramirez - paos@gmail.com - 37 George st. - 1990-05-07 00:00:00.0 - 6324584 - 3050 - 1990-05-07 00:00:00.0 - 
17:19:34.083 [main] INFO  utils.Formatter - 74 - Goku - Kameja - gokuz@gmail.com - 96 Toohey rd - 1985-05-23 00:00:00.0 - 523657563 - 2900 - 1985-05-23 00:00:00.0 - 
17:19:34.083 [main] INFO  utils.Formatter - 83 - Vegueta - Vegito - vegueta@gmail.com - 15 Adelade st - 1982-04-16 00:00:00.0 - 6952335 - 3800 - 1982-04-16 00:00:00.0 - 
17:19:34.083 [main] INFO  utils.Formatter - 92 - Krilin - Perez - krilip@gmail.com - 87 Woolbor st - 1984-09-17 00:00:00.0 - 45623688 - 3500 - 1984-09-17 00:00:00.0 - 
17:19:34.083 [main] INFO  utils.Formatter - 95 - Natalia - Gonzalez - natis@gmail.com - 42 George av. - 1979-02-06 00:00:00.0 - 78962426 - 4100 - 1979-02-06 00:00:00.0 - 
]]></system-out>
  </testcase>
  <testcase name="getEmployeesByLastName[Perez](1)" classname="tests.TestEmployee" time="0.016">
    <system-out><![CDATA[17:19:34.086 [main] INFO  crud.EmployeeCrud - Getting employee by last name Perez ...
Hibernate: select employee0_.idEmployee as idemploy1_0_, employee0_.address as address2_0_, employee0_.birthDate as birthdat3_0_, employee0_.email as email4_0_, employee0_.firstName as firstnam5_0_, employee0_.idCompany as idcompan6_0_, employee0_.idInstitution as idinstit7_0_, employee0_.lastName as lastname8_0_, employee0_.phoneNumber as phonenum9_0_, employee0_.Salary as salary10_0_ from Employee employee0_ where employee0_.lastName=?
17:19:34.102 [main] INFO  utils.Formatter - 92 - Krilin - Perez - krilip@gmail.com - 87 Woolbor st - 1984-09-17 00:00:00.0 - 45623688 - 3500 - 1984-09-17 00:00:00.0 - 
]]></system-out>
  </testcase>
  <testcase name="insertEmployee[model.Employee@21abda60](1)" classname="tests.TestEmployee" time="0.01">
    <system-out><![CDATA[17:19:34.104 [main] INFO  crud.EmployeeCrud - Inserting employee ....
Hibernate: insert into Employee (address, birthDate, email, firstName, idCompany, idInstitution, lastName, phoneNumber, Salary, idEmployee) values (?, ?, ?, ?, ?, ?, ?, ?, ?, ?)
17:19:34.112 [main] INFO  crud.EmployeeCrud - Getting employee by id 46 ...
17:19:34.112 [main] INFO  crud.EmployeeCrud - Employee inserted successfully
17:19:34.112 [main] INFO  utils.Formatter - 46 - Juan  - Lopez - test@email.com - calle 45 - Thu Sep 23 17:19:34 COT 2021 - 3104787328 - 0 - Thu Sep 23 17:19:34 COT 2021 - 
]]></system-out>
  </testcase>
  <testcase name="updateEmployee[model.Employee@69a73867](1)" classname="tests.TestEmployee" time="0.002">
    <system-out><![CDATA[17:19:34.115 [main] INFO  crud.EmployeeCrud - Updating employee with id 43 ...
17:19:34.115 [main] INFO  crud.EmployeeCrud - Getting employee by id 43 ...
17:19:34.115 [main] INFO  crud.EmployeeCrud - Employee updated successfully
17:19:34.115 [main] INFO  utils.Formatter - 43 - JuanUpdated - Lopez - test@email.com - calle 45 - Thu Sep 23 17:19:34 COT 2021 - 3104787328 - 0 - Thu Sep 23 17:19:34 COT 2021 - 
]]></system-out>
  </testcase>
</testsuite>