<?xml version="1.0" encoding="UTF-8"?>
<!-- Generated by org.testng.reporters.JUnitReportReporter -->
<testsuite hostname="LAPTOP-KABJJ091" failures="0" tests="5" name="tests.TestEmployee" time="0.248" errors="0" timestamp="2021-09-23T17:19:34 COT" skipped="0">
  <testcase classname="tests.TestEmployee" name="getAllEmployees" time="0.133"/>
  <system-out/>
  <testcase classname="tests.TestEmployee" name="getEmployeesByLastName" time="0.018"/>
  <system-out/>
  <testcase classname="tests.TestEmployee" name="deleteEmployee" time="0.088"/>
  <system-out/>
  <testcase classname="tests.TestEmployee" name="insertEmployee" time="0.008"/>
  <system-out/>
  <testcase classname="tests.TestEmployee" name="updateEmployee" time="0.001"/>
  <system-out/>
</testsuite> <!-- tests.TestEmployee -->
